gettuidemo/build/outputs/logs/manifest-merger-debug-report.txt
-- Merging decision tree log ---
manifest
ADDED from src\main\AndroidManifest.xml:2:1-126:12
	package
		ADDED from src\main\AndroidManifest.xml:2:11-35
		INJECTED from src\main\AndroidManifest.xml
		INJECTED from src\main\AndroidManifest.xml
	xmlns:android
		ADDED from src\main\AndroidManifest.xml:3:11-69
uses-permission#android.permission.INTERNET
ADDED from src\main\AndroidManifest.xml:5:5-66
	android:name
		ADDED from src\main\AndroidManifest.xml:5:22-64
uses-permission#android.permission.READ_PHONE_STATE
ADDED from src\main\AndroidManifest.xml:6:5-74
	android:name
		ADDED from src\main\AndroidManifest.xml:6:22-72
uses-permission#android.permission.ACCESS_NETWORK_STATE
ADDED from src\main\AndroidManifest.xml:7:5-78
	android:name
		ADDED from src\main\AndroidManifest.xml:7:22-76
uses-permission#android.permission.CHANGE_WIFI_STATE
ADDED from src\main\AndroidManifest.xml:8:5-75
	android:name
		ADDED from src\main\AndroidManifest.xml:8:22-73
uses-permission#android.permission.ACCESS_WIFI_STATE
ADDED from src\main\AndroidManifest.xml:9:5-75
	android:name
		ADDED from src\main\AndroidManifest.xml:9:22-73
uses-permission#android.permission.WAKE_LOCK
ADDED from src\main\AndroidManifest.xml:10:5-67
	android:name
		ADDED from src\main\AndroidManifest.xml:10:22-65
uses-permission#android.permission.RECEIVE_BOOT_COMPLETED
ADDED from src\main\AndroidManifest.xml:11:5-80
	android:name
		ADDED from src\main\AndroidManifest.xml:11:22-78
uses-permission#android.permission.WRITE_EXTERNAL_STORAGE
ADDED from src\main\AndroidManifest.xml:12:5-80
	android:name
		ADDED from src\main\AndroidManifest.xml:12:22-78
uses-permission#android.permission.VIBRATE
ADDED from src\main\AndroidManifest.xml:13:5-65
	android:name
		ADDED from src\main\AndroidManifest.xml:13:22-63
uses-permission#android.permission.GET_TASKS
ADDED from src\main\AndroidManifest.xml:14:5-67
	android:name
		ADDED from src\main\AndroidManifest.xml:14:22-65
uses-permission#android.permission.BLUETOOTH
ADDED from src\main\AndroidManifest.xml:16:5-67
	android:name
		ADDED from src\main\AndroidManifest.xml:16:22-65
uses-permission#android.permission.BLUETOOTH_ADMIN
ADDED from src\main\AndroidManifest.xml:17:5-73
	android:name
		ADDED from src\main\AndroidManifest.xml:17:22-71
uses-permission#android.permission.ACCESS_FINE_LOCATION
ADDED from src\main\AndroidManifest.xml:19:5-78
	android:name
		ADDED from src\main\AndroidManifest.xml:19:22-76
uses-permission#android.permission.ACCESS_COARSE_LOCATION
ADDED from src\main\AndroidManifest.xml:20:5-80
	android:name
		ADDED from src\main\AndroidManifest.xml:20:22-78
uses-permission#android.permission.SYSTEM_ALERT_WINDOW
ADDED from src\main\AndroidManifest.xml:22:5-77
	android:name
		ADDED from src\main\AndroidManifest.xml:22:22-75
uses-permission#getui.permission.GetuiService.${applicationId}
ADDED from src\main\AndroidManifest.xml:23:5-85
	android:name
		ADDED from src\main\AndroidManifest.xml:23:22-83
		INJECTED from src\main\AndroidManifest.xml
permission#getui.permission.GetuiService.${applicationId}
ADDED from src\main\AndroidManifest.xml:25:5-27:43
	android:protectionLevel
		ADDED from src\main\AndroidManifest.xml:27:9-41
	android:name
		ADDED from src\main\AndroidManifest.xml:26:9-70
		INJECTED from src\main\AndroidManifest.xml
application
ADDED from src\main\AndroidManifest.xml:29:5-124:18
MERGED from [com.android.support:support-v4:25.0.0] AndroidManifest.xml:25:5-20
MERGED from [com.android.support:support-compat:25.0.0] AndroidManifest.xml:25:5-20
MERGED from [com.android.support:support-media-compat:25.0.0] AndroidManifest.xml:25:5-20
MERGED from [com.android.support:support-core-utils:25.0.0] AndroidManifest.xml:25:5-20
MERGED from [com.android.support:support-core-ui:25.0.0] AndroidManifest.xml:25:5-20
MERGED from [com.android.support:support-fragment:25.0.0] AndroidManifest.xml:25:5-20
	android:label
		ADDED from src\main\AndroidManifest.xml:33:9-41
	android:allowBackup
		ADDED from src\main\AndroidManifest.xml:31:9-35
	android:icon
		ADDED from src\main\AndroidManifest.xml:32:9-36
	android:name
		ADDED from src\main\AndroidManifest.xml:30:9-40
activity#com.getui.demo.GetuiSdkDemoActivity
ADDED from src\main\AndroidManifest.xml:35:9-44:20
	android:label
		ADDED from src\main\AndroidManifest.xml:37:13-45
	android:launchMode
		ADDED from src\main\AndroidManifest.xml:38:13-43
	android:name
		ADDED from src\main\AndroidManifest.xml:36:13-49
intent-filter#android.intent.action.MAIN+android.intent.category.LAUNCHER
ADDED from src\main\AndroidManifest.xml:39:13-43:29
action#android.intent.action.MAIN
ADDED from src\main\AndroidManifest.xml:40:17-68
	android:name
		ADDED from src\main\AndroidManifest.xml:40:25-66
category#android.intent.category.LAUNCHER
ADDED from src\main\AndroidManifest.xml:42:17-76
	android:name
		ADDED from src\main\AndroidManifest.xml:42:27-74
meta-data#PUSH_APPID
ADDED from src\main\AndroidManifest.xml:46:9-48:46
	android:value
		ADDED from src\main\AndroidManifest.xml:48:13-44
		INJECTED from src\main\AndroidManifest.xml
	android:name
		ADDED from src\main\AndroidManifest.xml:47:13-38
meta-data#PUSH_APPKEY
ADDED from src\main\AndroidManifest.xml:49:9-51:47
	android:value
		ADDED from src\main\AndroidManifest.xml:51:13-45
		INJECTED from src\main\AndroidManifest.xml
	android:name
		ADDED from src\main\AndroidManifest.xml:50:13-39
meta-data#PUSH_APPSECRET
ADDED from src\main\AndroidManifest.xml:52:9-54:50
	android:value
		ADDED from src\main\AndroidManifest.xml:54:13-48
		INJECTED from src\main\AndroidManifest.xml
	android:name
		ADDED from src\main\AndroidManifest.xml:53:13-42
service#com.igexin.sdk.PushService
ADDED from src\main\AndroidManifest.xml:57:9-65:19
	android:process
		ADDED from src\main\AndroidManifest.xml:61:13-43
	android:label
		ADDED from src\main\AndroidManifest.xml:60:13-47
	android:exported
		ADDED from src\main\AndroidManifest.xml:59:13-36
	android:name
		ADDED from src\main\AndroidManifest.xml:58:13-54
intent-filter#com.igexin.sdk.action.service.message
ADDED from src\main\AndroidManifest.xml:62:13-64:29
action#com.igexin.sdk.action.service.message
ADDED from src\main\AndroidManifest.xml:63:17-79
	android:name
		ADDED from src\main\AndroidManifest.xml:63:25-77
receiver#com.igexin.sdk.PushReceiver
ADDED from src\main\AndroidManifest.xml:67:9-78:20
	android:name
		ADDED from src\main\AndroidManifest.xml:68:13-55
intent-filter#android.intent.action.ACTION_POWER_CONNECTED+android.intent.action.ACTION_POWER_DISCONNECTED+android.intent.action.BOOT_COMPLETED+android.intent.action.MEDIA_MOUNTED+android.intent.action.USER_PRESENT+android.net.conn.CONNECTIVITY_CHANGE+com.igexin.sdk.action.refreshls
ADDED from src\main\AndroidManifest.xml:69:13-77:29
action#android.intent.action.BOOT_COMPLETED
ADDED from src\main\AndroidManifest.xml:70:17-78
	android:name
		ADDED from src\main\AndroidManifest.xml:70:25-76
action#android.net.conn.CONNECTIVITY_CHANGE
ADDED from src\main\AndroidManifest.xml:71:17-78
	android:name
		ADDED from src\main\AndroidManifest.xml:71:25-76
action#android.intent.action.USER_PRESENT
ADDED from src\main\AndroidManifest.xml:72:17-76
	android:name
		ADDED from src\main\AndroidManifest.xml:72:25-74
action#com.igexin.sdk.action.refreshls
ADDED from src\main\AndroidManifest.xml:73:17-73
	android:name
		ADDED from src\main\AndroidManifest.xml:73:25-71
action#android.intent.action.MEDIA_MOUNTED
ADDED from src\main\AndroidManifest.xml:74:17-77
	android:name
		ADDED from src\main\AndroidManifest.xml:74:25-75
action#android.intent.action.ACTION_POWER_CONNECTED
ADDED from src\main\AndroidManifest.xml:75:17-86
	android:name
		ADDED from src\main\AndroidManifest.xml:75:25-84
action#android.intent.action.ACTION_POWER_DISCONNECTED
ADDED from src\main\AndroidManifest.xml:76:17-89
	android:name
		ADDED from src\main\AndroidManifest.xml:76:25-87
activity#com.igexin.sdk.PushActivity
ADDED from src\main\AndroidManifest.xml:80:9-86:74
	android:process
		ADDED from src\main\AndroidManifest.xml:84:13-43
	android:excludeFromRecents
		ADDED from src\main\AndroidManifest.xml:82:13-46
	android:exported
		ADDED from src\main\AndroidManifest.xml:83:13-37
	android:theme
		ADDED from src\main\AndroidManifest.xml:86:13-72
	android:taskAffinity
		ADDED from src\main\AndroidManifest.xml:85:13-67
	android:name
		ADDED from src\main\AndroidManifest.xml:81:13-55
activity#com.igexin.sdk.GActivity
ADDED from src\main\AndroidManifest.xml:88:9-94:74
	android:process
		ADDED from src\main\AndroidManifest.xml:92:13-43
	android:excludeFromRecents
		ADDED from src\main\AndroidManifest.xml:90:13-46
	android:exported
		ADDED from src\main\AndroidManifest.xml:91:13-36
	android:theme
		ADDED from src\main\AndroidManifest.xml:94:13-72
	android:taskAffinity
		ADDED from src\main\AndroidManifest.xml:93:13-67
	android:name
		ADDED from src\main\AndroidManifest.xml:89:13-52
service#com.igexin.download.DownloadService
ADDED from src\main\AndroidManifest.xml:96:9-98:45
	android:process
		ADDED from src\main\AndroidManifest.xml:98:13-43
	android:name
		ADDED from src\main\AndroidManifest.xml:97:13-63
receiver#com.igexin.download.DownloadReceiver
ADDED from src\main\AndroidManifest.xml:100:9-105:20
	android:name
		ADDED from src\main\AndroidManifest.xml:101:13-64
intent-filter#android.net.conn.CONNECTIVITY_CHANGE
ADDED from src\main\AndroidManifest.xml:102:13-104:29
provider#com.igexin.download.DownloadProvider
ADDED from src\main\AndroidManifest.xml:107:9-111:45
	android:authorities
		ADDED from src\main\AndroidManifest.xml:109:13-61
		INJECTED from src\main\AndroidManifest.xml
	android:process
		ADDED from src\main\AndroidManifest.xml:111:13-43
	android:exported
		ADDED from src\main\AndroidManifest.xml:110:13-36
	android:name
		ADDED from src\main\AndroidManifest.xml:108:13-64
service#com.getui.demo.DemoIntentService
ADDED from src\main\AndroidManifest.xml:114:9-53
	android:name
		ADDED from src\main\AndroidManifest.xml:114:18-51
service#com.getui.demo.DemoPushService
ADDED from src\main\AndroidManifest.xml:117:9-122:19
	android:process
		ADDED from src\main\AndroidManifest.xml:121:17-47
	android:label
		ADDED from src\main\AndroidManifest.xml:120:17-44
	android:exported
		ADDED from src\main\AndroidManifest.xml:119:17-40
	android:name
		ADDED from src\main\AndroidManifest.xml:118:17-48
uses-sdk
INJECTED from src\main\AndroidManifest.xml reason: use-sdk injection requested
MERGED from [com.android.support:support-v4:25.0.0] AndroidManifest.xml:21:5-23:54
MERGED from [com.android.support:support-compat:25.0.0] AndroidManifest.xml:21:5-23:58
MERGED from [com.android.support:support-media-compat:25.0.0] AndroidManifest.xml:21:5-23:63
MERGED from [com.android.support:support-core-utils:25.0.0] AndroidManifest.xml:21:5-23:61
MERGED from [com.android.support:support-core-ui:25.0.0] AndroidManifest.xml:21:5-23:58
MERGED from [com.android.support:support-fragment:25.0.0] AndroidManifest.xml:21:5-23:60
	tools:overrideLibrary
		ADDED from [com.android.support:support-v4:25.0.0] AndroidManifest.xml:23:9-51
	android:targetSdkVersion
		INJECTED from src\main\AndroidManifest.xml
		INJECTED from src\main\AndroidManifest.xml
	android:minSdkVersion
		INJECTED from src\main\AndroidManifest.xml
		INJECTED from src\main\AndroidManifest.xml